<?xml version="1.0" encoding="UTF-8"?>
<!-- Generated by org.testng.reporters.JUnitXMLReporter -->
<testsuite ignored="0" hostname="Suresh" failures="0" tests="2" name="End to end FrameWork Test" time="62.585" errors="0" timestamp="2024-06-26T15:46:36 IST">
  <testcase classname="skappium.AppiumFrameWorkDesign.eCommerce_tc_3_Hybrid" name="FilForm" time="29.142"/>
  <testcase classname="skappium.AppiumFrameWorkDesign.eCommerce_tc_3_Hybrid" name="FilForm" time="26.523"/>
</testsuite> <!-- End to end FrameWork Test -->
