<?xml version="1.0" encoding="UTF-8"?>
<!-- Generated by org.testng.reporters.JUnitXMLReporter -->
<testsuite ignored="2" hostname="Suresh" failures="0" tests="0" time="0.001" errors="0" timestamp="2024-06-26T15:46:36 IST">
  <testcase classname="skappium.AppiumFrameWorkDesign.eCommerce_tc_2" name="FilForm_positive" time="0.0">
    <ignored/>
  </testcase> <!-- FilForm_positive -->
  <testcase classname="skappium.AppiumFrameWorkDesign.eCommerce_tc_2" name="FilForm_exceptional" time="0.0">
    <ignored/>
  </testcase> <!-- FilForm_exceptional -->
</testsuite>
