<?xml version="1.0" encoding="UTF-8"?>
<!-- Generated by org.testng.reporters.JUnitXMLReporter -->
<testsuite ignored="0" hostname="Suresh" failures="0" tests="2" name="End to end FrameWork Test" time="62.156" errors="0" timestamp="2024-07-17T10:25:35 IST">
  <testcase classname="skappium.AppiumFrameWorkDesign.eCommerce_tc_3_Hybrid" name="FilForm" time="28.846"/>
  <testcase classname="skappium.AppiumFrameWorkDesign.eCommerce_tc_3_Hybrid" name="FilForm" time="23.878"/>
</testsuite> <!-- End to end FrameWork Test -->
