<?xml version="1.0" encoding="UTF-8"?>
<testng-results ignored="0" total="2" passed="2" failed="0" skipped="0">
  <reporter-output>
  </reporter-output>
  <suite started-at="2024-07-17T10:24:33 IST" name="Suite" finished-at="2024-07-17T10:25:35 IST" duration-ms="62741">
    <groups>
      <group name="Smoke">
        <method signature="eCommerce_tc_3_Hybrid.FilForm(java.lang.String,java.lang.String,java.lang.String)[pri:0, instance:skappium.AppiumFrameWorkDesign.eCommerce_tc_3_Hybrid@475c9c31]" name="FilForm" class="skappium.AppiumFrameWorkDesign.eCommerce_tc_3_Hybrid"/>
      </group> <!-- Smoke -->
    </groups>
    <test started-at="2024-07-17T10:24:33 IST" name="End to end FrameWork Test" finished-at="2024-07-17T10:25:35 IST" duration-ms="62156">
      <class name="skappium.AppiumFrameWorkDesign.eCommerce_tc_3_Hybrid">
        <test-method is-config="true" signature="ConfigureClass()[pri:0, instance:skappium.AppiumFrameWorkDesign.eCommerce_tc_3_Hybrid@475c9c31]" started-at="2024-07-17T10:24:33 IST" name="ConfigureClass" finished-at="2024-07-17T10:24:42 IST" duration-ms="9172" status="PASS">
          <reporter-output>
          </reporter-output>
        </test-method> <!-- ConfigureClass -->
        <test-method is-config="true" signature="preSetup()[pri:0, instance:skappium.AppiumFrameWorkDesign.eCommerce_tc_3_Hybrid@475c9c31]" started-at="2024-07-17T10:24:42 IST" name="preSetup" finished-at="2024-07-17T10:24:42 IST" duration-ms="117" status="PASS">
          <reporter-output>
          </reporter-output>
        </test-method> <!-- preSetup -->
        <test-method signature="FilForm(java.lang.String,java.lang.String,java.lang.String)[pri:0, instance:skappium.AppiumFrameWorkDesign.eCommerce_tc_3_Hybrid@475c9c31]" started-at="2024-07-17T10:24:42 IST" name="FilForm" data-provider="getData" finished-at="2024-07-17T10:25:11 IST" duration-ms="28846" status="PASS">
          <params>
            <param index="0">
              <value>
                <![CDATA[Kalpana]]>
              </value>
            </param>
            <param index="1">
              <value>
                <![CDATA[Female]]>
              </value>
            </param>
            <param index="2">
              <value>
                <![CDATA[Austria]]>
              </value>
            </param>
          </params>
          <reporter-output>
          </reporter-output>
        </test-method> <!-- FilForm -->
        <test-method is-config="true" signature="preSetup()[pri:0, instance:skappium.AppiumFrameWorkDesign.eCommerce_tc_3_Hybrid@475c9c31]" started-at="2024-07-17T10:25:11 IST" name="preSetup" finished-at="2024-07-17T10:25:11 IST" duration-ms="87" status="PASS">
          <reporter-output>
          </reporter-output>
        </test-method> <!-- preSetup -->
        <test-method signature="FilForm(java.lang.String,java.lang.String,java.lang.String)[pri:0, instance:skappium.AppiumFrameWorkDesign.eCommerce_tc_3_Hybrid@475c9c31]" started-at="2024-07-17T10:25:11 IST" name="FilForm" data-provider="getData" finished-at="2024-07-17T10:25:35 IST" duration-ms="23878" status="PASS">
          <params>
            <param index="0">
              <value>
                <![CDATA[Vinay]]>
              </value>
            </param>
            <param index="1">
              <value>
                <![CDATA[Male]]>
              </value>
            </param>
            <param index="2">
              <value>
                <![CDATA[Austria]]>
              </value>
            </param>
          </params>
          <reporter-output>
          </reporter-output>
        </test-method> <!-- FilForm -->
      </class> <!-- skappium.AppiumFrameWorkDesign.eCommerce_tc_3_Hybrid -->
    </test> <!-- End to end FrameWork Test -->
    <test started-at="2024-07-17T10:25:35 IST" name="Error validations" finished-at="2024-07-17T10:25:35 IST" duration-ms="1">
    </test> <!-- Error validations -->
  </suite> <!-- Suite -->
</testng-results>
