<?xml version="1.0" encoding="UTF-8"?>
<testng-results ignored="0" total="2" passed="2" failed="0" skipped="0">
  <reporter-output>
  </reporter-output>
  <suite started-at="2024-06-26T15:45:33 IST" name="Suite" finished-at="2024-06-26T15:46:36 IST" duration-ms="63055">
    <groups>
      <group name="Smoke">
        <method signature="eCommerce_tc_3_Hybrid.FilForm(java.lang.String,java.lang.String,java.lang.String)[pri:0, instance:skappium.AppiumFrameWorkDesign.eCommerce_tc_3_Hybrid@5adb0db3]" name="FilForm" class="skappium.AppiumFrameWorkDesign.eCommerce_tc_3_Hybrid"/>
      </group> <!-- Smoke -->
    </groups>
    <test started-at="2024-06-26T15:45:33 IST" name="End to end FrameWork Test" finished-at="2024-06-26T15:46:35 IST" duration-ms="62585">
      <class name="skappium.AppiumFrameWorkDesign.eCommerce_tc_3_Hybrid">
        <test-method is-config="true" signature="ConfigureClass()[pri:0, instance:skappium.AppiumFrameWorkDesign.eCommerce_tc_3_Hybrid@5adb0db3]" started-at="2024-06-26T15:45:33 IST" name="ConfigureClass" finished-at="2024-06-26T15:45:39 IST" duration-ms="6732" status="PASS">
          <reporter-output>
          </reporter-output>
        </test-method> <!-- ConfigureClass -->
        <test-method is-config="true" signature="preSetup()[pri:0, instance:skappium.AppiumFrameWorkDesign.eCommerce_tc_3_Hybrid@5adb0db3]" started-at="2024-06-26T15:45:39 IST" name="preSetup" finished-at="2024-06-26T15:45:40 IST" duration-ms="76" status="PASS">
          <reporter-output>
          </reporter-output>
        </test-method> <!-- preSetup -->
        <test-method signature="FilForm(java.lang.String,java.lang.String,java.lang.String)[pri:0, instance:skappium.AppiumFrameWorkDesign.eCommerce_tc_3_Hybrid@5adb0db3]" started-at="2024-06-26T15:45:40 IST" name="FilForm" data-provider="getData" finished-at="2024-06-26T15:46:09 IST" duration-ms="29142" status="PASS">
          <params>
            <param index="0">
              <value>
                <![CDATA[Kalpana]]>
              </value>
            </param>
            <param index="1">
              <value>
                <![CDATA[Female]]>
              </value>
            </param>
            <param index="2">
              <value>
                <![CDATA[Austria]]>
              </value>
            </param>
          </params>
          <reporter-output>
          </reporter-output>
        </test-method> <!-- FilForm -->
        <test-method is-config="true" signature="preSetup()[pri:0, instance:skappium.AppiumFrameWorkDesign.eCommerce_tc_3_Hybrid@5adb0db3]" started-at="2024-06-26T15:46:09 IST" name="preSetup" finished-at="2024-06-26T15:46:09 IST" duration-ms="64" status="PASS">
          <reporter-output>
          </reporter-output>
        </test-method> <!-- preSetup -->
        <test-method signature="FilForm(java.lang.String,java.lang.String,java.lang.String)[pri:0, instance:skappium.AppiumFrameWorkDesign.eCommerce_tc_3_Hybrid@5adb0db3]" started-at="2024-06-26T15:46:09 IST" name="FilForm" data-provider="getData" finished-at="2024-06-26T15:46:35 IST" duration-ms="26523" status="PASS">
          <params>
            <param index="0">
              <value>
                <![CDATA[Vinay]]>
              </value>
            </param>
            <param index="1">
              <value>
                <![CDATA[Male]]>
              </value>
            </param>
            <param index="2">
              <value>
                <![CDATA[Austria]]>
              </value>
            </param>
          </params>
          <reporter-output>
          </reporter-output>
        </test-method> <!-- FilForm -->
      </class> <!-- skappium.AppiumFrameWorkDesign.eCommerce_tc_3_Hybrid -->
    </test> <!-- End to end FrameWork Test -->
    <test started-at="2024-06-26T15:46:36 IST" name="Error validations" finished-at="2024-06-26T15:46:36 IST" duration-ms="1">
    </test> <!-- Error validations -->
  </suite> <!-- Suite -->
</testng-results>
